<?xml version="1.0" encoding="UTF-8"?>
<testng-results ignored="0" total="1" passed="1" failed="0" skipped="0">
  <reporter-output>
  </reporter-output>
  <suite started-at="2022-11-18T23:38:40 IST" name="Suite" finished-at="2022-11-18T23:39:52 IST" duration-ms="71495">
    <groups>
    </groups>
    <test started-at="2022-11-18T23:38:40 IST" name="Test" finished-at="2022-11-18T23:39:52 IST" duration-ms="71495">
      <class name="Automation.Demo.Test1">
        <test-method is-config="true" signature="launch()[pri:0, instance:Automation.Demo.Test1@3f191845]" started-at="2022-11-18T23:38:41 IST" name="launch" finished-at="2022-11-18T23:39:11 IST" duration-ms="30053" status="PASS">
          <reporter-output>
          </reporter-output>
        </test-method> <!-- launch -->
        <test-method signature="task1()[pri:0, instance:Automation.Demo.Test1@3f191845]" started-at="2022-11-18T23:39:11 IST" name="task1" finished-at="2022-11-18T23:39:52 IST" duration-ms="41384" status="PASS">
          <reporter-output>
          </reporter-output>
        </test-method> <!-- task1 -->
      </class> <!-- Automation.Demo.Test1 -->
    </test> <!-- Test -->
  </suite> <!-- Suite -->
</testng-results>
